<?xml version="1.0" encoding="UTF-8"?>
<testng-results skipped="0" failed="0" ignored="0" total="1" passed="1">
  <reporter-output>
  </reporter-output>
  <suite name="Default suite" duration-ms="33501" started-at="2020-04-25T00:31:53Z" finished-at="2020-04-25T00:32:26Z">
    <groups>
    </groups>
    <test name="Default test" duration-ms="33501" started-at="2020-04-25T00:31:53Z" finished-at="2020-04-25T00:32:26Z">
      <class name="MyPackage.FunctionalVsVisualTest">
        <test-method status="PASS" signature="Before()[pri:0, instance:MyPackage.FunctionalVsVisualTest@192b07fd]" name="Before" is-config="true" duration-ms="7396" started-at="2020-04-25T00:31:53Z" finished-at="2020-04-25T00:32:00Z">
          <reporter-output>
          </reporter-output>
        </test-method> <!-- Before -->
        <test-method status="PASS" signature="Test()[pri:0, instance:MyPackage.FunctionalVsVisualTest@192b07fd]" name="Test" duration-ms="2715" started-at="2020-04-25T00:32:00Z" finished-at="2020-04-25T00:32:03Z">
          <reporter-output>
          </reporter-output>
        </test-method> <!-- Test -->
        <test-method status="PASS" signature="After()[pri:0, instance:MyPackage.FunctionalVsVisualTest@192b07fd]" name="After" is-config="true" duration-ms="23369" started-at="2020-04-25T00:32:03Z" finished-at="2020-04-25T00:32:26Z">
          <reporter-output>
          </reporter-output>
        </test-method> <!-- After -->
      </class> <!-- MyPackage.FunctionalVsVisualTest -->
    </test> <!-- Default test -->
  </suite> <!-- Default suite -->
</testng-results>
